2014/11/21 23:04:41 [error] [exception.CException] exception 'CException' with message 'SiteController cannot find the requested view "//header/head".' in /var/www/html/framework/web/CController.php:878
Stack trace:
#0 /var/www/html/procurementhack/protected/views/layouts/main.php(28): CController->renderPartial('//header/head')
#1 /var/www/html/framework/web/CBaseController.php(126): require('/var/www/html/p...')
#2 /var/www/html/framework/web/CBaseController.php(95): CBaseController->renderInternal('/var/www/html/p...', Array, true)
#3 /var/www/html/framework/web/widgets/CContentDecorator.php(76): CBaseController->renderFile('/var/www/html/p...', Array, true)
#4 /var/www/html/framework/web/widgets/CContentDecorator.php(54): CContentDecorator->decorate('<div id="conten...')
#5 /var/www/html/framework/web/widgets/COutputProcessor.php(44): CContentDecorator->processOutput('<div id="conten...')
#6 /var/www/html/framework/web/CBaseController.php(206): COutputProcessor->run()
#7 /var/www/html/framework/web/CBaseController.php(300): CBaseController->endWidget('CContentDecorat...')
#8 /var/www/html/procurementhack/protected/views/layouts/column1.php(6): CBaseController->endContent()
#9 /var/www/html/framework/web/CBaseController.php(126): require('/var/www/html/p...')
#10 /var/www/html/framework/web/CBaseController.php(95): CBaseController->renderInternal('/var/www/html/p...', Array, true)
#11 /var/www/html/framework/web/CController.php(784): CBaseController->renderFile('/var/www/html/p...', Array, true)
#12 /var/www/html/procurementhack/protected/controllers/SiteController.php(98): CController->render('login', Array)
#13 /var/www/html/framework/web/actions/CInlineAction.php(49): SiteController->actionLogin()
#14 /var/www/html/framework/web/CController.php(308): CInlineAction->runWithParams(Array)
#15 /var/www/html/framework/web/CController.php(286): CController->runAction(Object(CInlineAction))
#16 /var/www/html/framework/web/CController.php(265): CController->runActionWithFilters(Object(CInlineAction), Array)
#17 /var/www/html/framework/web/CWebApplication.php(282): CController->run('login')
#18 /var/www/html/framework/web/CWebApplication.php(141): CWebApplication->runController('site/login')
#19 /var/www/html/framework/base/CApplication.php(180): CWebApplication->processRequest()
#20 /var/www/html/procurementhack/index.php(13): CApplication->run()
#21 {main}
REQUEST_URI=/procurementhack/index.php/site/login
---
2014/11/21 23:04:54 [error] [exception.CException] exception 'CException' with message 'SiteController cannot find the requested view "/header/head".' in /var/www/html/framework/web/CController.php:878
Stack trace:
#0 /var/www/html/procurementhack/protected/views/layouts/main.php(28): CController->renderPartial('/header/head')
#1 /var/www/html/framework/web/CBaseController.php(126): require('/var/www/html/p...')
#2 /var/www/html/framework/web/CBaseController.php(95): CBaseController->renderInternal('/var/www/html/p...', Array, true)
#3 /var/www/html/framework/web/widgets/CContentDecorator.php(76): CBaseController->renderFile('/var/www/html/p...', Array, true)
#4 /var/www/html/framework/web/widgets/CContentDecorator.php(54): CContentDecorator->decorate('<div id="conten...')
#5 /var/www/html/framework/web/widgets/COutputProcessor.php(44): CContentDecorator->processOutput('<div id="conten...')
#6 /var/www/html/framework/web/CBaseController.php(206): COutputProcessor->run()
#7 /var/www/html/framework/web/CBaseController.php(300): CBaseController->endWidget('CContentDecorat...')
#8 /var/www/html/procurementhack/protected/views/layouts/column1.php(6): CBaseController->endContent()
#9 /var/www/html/framework/web/CBaseController.php(126): require('/var/www/html/p...')
#10 /var/www/html/framework/web/CBaseController.php(95): CBaseController->renderInternal('/var/www/html/p...', Array, true)
#11 /var/www/html/framework/web/CController.php(784): CBaseController->renderFile('/var/www/html/p...', Array, true)
#12 /var/www/html/procurementhack/protected/controllers/SiteController.php(98): CController->render('login', Array)
#13 /var/www/html/framework/web/actions/CInlineAction.php(49): SiteController->actionLogin()
#14 /var/www/html/framework/web/CController.php(308): CInlineAction->runWithParams(Array)
#15 /var/www/html/framework/web/CController.php(286): CController->runAction(Object(CInlineAction))
#16 /var/www/html/framework/web/CController.php(265): CController->runActionWithFilters(Object(CInlineAction), Array)
#17 /var/www/html/framework/web/CWebApplication.php(282): CController->run('login')
#18 /var/www/html/framework/web/CWebApplication.php(141): CWebApplication->runController('site/login')
#19 /var/www/html/framework/base/CApplication.php(180): CWebApplication->processRequest()
#20 /var/www/html/procurementhack/index.php(13): CApplication->run()
#21 {main}
REQUEST_URI=/procurementhack/index.php/site/login
---
2014/11/21 23:05:28 [error] [exception.CException] exception 'CException' with message 'SiteController cannot find the requested view "//header/head".' in /var/www/html/framework/web/CController.php:878
Stack trace:
#0 /var/www/html/procurementhack/protected/views/layouts/main.php(28): CController->renderPartial('//header/head')
#1 /var/www/html/framework/web/CBaseController.php(126): require('/var/www/html/p...')
#2 /var/www/html/framework/web/CBaseController.php(95): CBaseController->renderInternal('/var/www/html/p...', Array, true)
#3 /var/www/html/framework/web/widgets/CContentDecorator.php(76): CBaseController->renderFile('/var/www/html/p...', Array, true)
#4 /var/www/html/framework/web/widgets/CContentDecorator.php(54): CContentDecorator->decorate('<div id="conten...')
#5 /var/www/html/framework/web/widgets/COutputProcessor.php(44): CContentDecorator->processOutput('<div id="conten...')
#6 /var/www/html/framework/web/CBaseController.php(206): COutputProcessor->run()
#7 /var/www/html/framework/web/CBaseController.php(300): CBaseController->endWidget('CContentDecorat...')
#8 /var/www/html/procurementhack/protected/views/layouts/column1.php(6): CBaseController->endContent()
#9 /var/www/html/framework/web/CBaseController.php(126): require('/var/www/html/p...')
#10 /var/www/html/framework/web/CBaseController.php(95): CBaseController->renderInternal('/var/www/html/p...', Array, true)
#11 /var/www/html/framework/web/CController.php(784): CBaseController->renderFile('/var/www/html/p...', Array, true)
#12 /var/www/html/procurementhack/protected/controllers/SiteController.php(98): CController->render('login', Array)
#13 /var/www/html/framework/web/actions/CInlineAction.php(49): SiteController->actionLogin()
#14 /var/www/html/framework/web/CController.php(308): CInlineAction->runWithParams(Array)
#15 /var/www/html/framework/web/CController.php(286): CController->runAction(Object(CInlineAction))
#16 /var/www/html/framework/web/CController.php(265): CController->runActionWithFilters(Object(CInlineAction), Array)
#17 /var/www/html/framework/web/CWebApplication.php(282): CController->run('login')
#18 /var/www/html/framework/web/CWebApplication.php(141): CWebApplication->runController('site/login')
#19 /var/www/html/framework/base/CApplication.php(180): CWebApplication->processRequest()
#20 /var/www/html/procurementhack/index.php(13): CApplication->run()
#21 {main}
REQUEST_URI=/procurementhack/index.php/site/login
---
2014/11/21 23:05:29 [error] [exception.CException] exception 'CException' with message 'SiteController cannot find the requested view "//header/head".' in /var/www/html/framework/web/CController.php:878
Stack trace:
#0 /var/www/html/procurementhack/protected/views/layouts/main.php(28): CController->renderPartial('//header/head')
#1 /var/www/html/framework/web/CBaseController.php(126): require('/var/www/html/p...')
#2 /var/www/html/framework/web/CBaseController.php(95): CBaseController->renderInternal('/var/www/html/p...', Array, true)
#3 /var/www/html/framework/web/widgets/CContentDecorator.php(76): CBaseController->renderFile('/var/www/html/p...', Array, true)
#4 /var/www/html/framework/web/widgets/CContentDecorator.php(54): CContentDecorator->decorate('<div id="conten...')
#5 /var/www/html/framework/web/widgets/COutputProcessor.php(44): CContentDecorator->processOutput('<div id="conten...')
#6 /var/www/html/framework/web/CBaseController.php(206): COutputProcessor->run()
#7 /var/www/html/framework/web/CBaseController.php(300): CBaseController->endWidget('CContentDecorat...')
#8 /var/www/html/procurementhack/protected/views/layouts/column1.php(6): CBaseController->endContent()
#9 /var/www/html/framework/web/CBaseController.php(126): require('/var/www/html/p...')
#10 /var/www/html/framework/web/CBaseController.php(95): CBaseController->renderInternal('/var/www/html/p...', Array, true)
#11 /var/www/html/framework/web/CController.php(784): CBaseController->renderFile('/var/www/html/p...', Array, true)
#12 /var/www/html/procurementhack/protected/controllers/SiteController.php(98): CController->render('login', Array)
#13 /var/www/html/framework/web/actions/CInlineAction.php(49): SiteController->actionLogin()
#14 /var/www/html/framework/web/CController.php(308): CInlineAction->runWithParams(Array)
#15 /var/www/html/framework/web/CController.php(286): CController->runAction(Object(CInlineAction))
#16 /var/www/html/framework/web/CController.php(265): CController->runActionWithFilters(Object(CInlineAction), Array)
#17 /var/www/html/framework/web/CWebApplication.php(282): CController->run('login')
#18 /var/www/html/framework/web/CWebApplication.php(141): CWebApplication->runController('site/login')
#19 /var/www/html/framework/base/CApplication.php(180): CWebApplication->processRequest()
#20 /var/www/html/procurementhack/index.php(13): CApplication->run()
#21 {main}
REQUEST_URI=/procurementhack/index.php/site/login
---
2014/11/21 23:05:29 [error] [exception.CException] exception 'CException' with message 'SiteController cannot find the requested view "//header/head".' in /var/www/html/framework/web/CController.php:878
Stack trace:
#0 /var/www/html/procurementhack/protected/views/layouts/main.php(28): CController->renderPartial('//header/head')
#1 /var/www/html/framework/web/CBaseController.php(126): require('/var/www/html/p...')
#2 /var/www/html/framework/web/CBaseController.php(95): CBaseController->renderInternal('/var/www/html/p...', Array, true)
#3 /var/www/html/framework/web/widgets/CContentDecorator.php(76): CBaseController->renderFile('/var/www/html/p...', Array, true)
#4 /var/www/html/framework/web/widgets/CContentDecorator.php(54): CContentDecorator->decorate('<div id="conten...')
#5 /var/www/html/framework/web/widgets/COutputProcessor.php(44): CContentDecorator->processOutput('<div id="conten...')
#6 /var/www/html/framework/web/CBaseController.php(206): COutputProcessor->run()
#7 /var/www/html/framework/web/CBaseController.php(300): CBaseController->endWidget('CContentDecorat...')
#8 /var/www/html/procurementhack/protected/views/layouts/column1.php(6): CBaseController->endContent()
#9 /var/www/html/framework/web/CBaseController.php(126): require('/var/www/html/p...')
#10 /var/www/html/framework/web/CBaseController.php(95): CBaseController->renderInternal('/var/www/html/p...', Array, true)
#11 /var/www/html/framework/web/CController.php(784): CBaseController->renderFile('/var/www/html/p...', Array, true)
#12 /var/www/html/procurementhack/protected/controllers/SiteController.php(98): CController->render('login', Array)
#13 /var/www/html/framework/web/actions/CInlineAction.php(49): SiteController->actionLogin()
#14 /var/www/html/framework/web/CController.php(308): CInlineAction->runWithParams(Array)
#15 /var/www/html/framework/web/CController.php(286): CController->runAction(Object(CInlineAction))
#16 /var/www/html/framework/web/CController.php(265): CController->runActionWithFilters(Object(CInlineAction), Array)
#17 /var/www/html/framework/web/CWebApplication.php(282): CController->run('login')
#18 /var/www/html/framework/web/CWebApplication.php(141): CWebApplication->runController('site/login')
#19 /var/www/html/framework/base/CApplication.php(180): CWebApplication->processRequest()
#20 /var/www/html/procurementhack/index.php(13): CApplication->run()
#21 {main}
REQUEST_URI=/procurementhack/index.php/site/login
---
2014/11/21 23:05:29 [error] [exception.CException] exception 'CException' with message 'SiteController cannot find the requested view "//header/head".' in /var/www/html/framework/web/CController.php:878
Stack trace:
#0 /var/www/html/procurementhack/protected/views/layouts/main.php(28): CController->renderPartial('//header/head')
#1 /var/www/html/framework/web/CBaseController.php(126): require('/var/www/html/p...')
#2 /var/www/html/framework/web/CBaseController.php(95): CBaseController->renderInternal('/var/www/html/p...', Array, true)
#3 /var/www/html/framework/web/widgets/CContentDecorator.php(76): CBaseController->renderFile('/var/www/html/p...', Array, true)
#4 /var/www/html/framework/web/widgets/CContentDecorator.php(54): CContentDecorator->decorate('<div id="conten...')
#5 /var/www/html/framework/web/widgets/COutputProcessor.php(44): CContentDecorator->processOutput('<div id="conten...')
#6 /var/www/html/framework/web/CBaseController.php(206): COutputProcessor->run()
#7 /var/www/html/framework/web/CBaseController.php(300): CBaseController->endWidget('CContentDecorat...')
#8 /var/www/html/procurementhack/protected/views/layouts/column1.php(6): CBaseController->endContent()
#9 /var/www/html/framework/web/CBaseController.php(126): require('/var/www/html/p...')
#10 /var/www/html/framework/web/CBaseController.php(95): CBaseController->renderInternal('/var/www/html/p...', Array, true)
#11 /var/www/html/framework/web/CController.php(784): CBaseController->renderFile('/var/www/html/p...', Array, true)
#12 /var/www/html/procurementhack/protected/controllers/SiteController.php(98): CController->render('login', Array)
#13 /var/www/html/framework/web/actions/CInlineAction.php(49): SiteController->actionLogin()
#14 /var/www/html/framework/web/CController.php(308): CInlineAction->runWithParams(Array)
#15 /var/www/html/framework/web/CController.php(286): CController->runAction(Object(CInlineAction))
#16 /var/www/html/framework/web/CController.php(265): CController->runActionWithFilters(Object(CInlineAction), Array)
#17 /var/www/html/framework/web/CWebApplication.php(282): CController->run('login')
#18 /var/www/html/framework/web/CWebApplication.php(141): CWebApplication->runController('site/login')
#19 /var/www/html/framework/base/CApplication.php(180): CWebApplication->processRequest()
#20 /var/www/html/procurementhack/index.php(13): CApplication->run()
#21 {main}
REQUEST_URI=/procurementhack/index.php/site/login
---
2014/11/21 23:05:29 [error] [exception.CException] exception 'CException' with message 'SiteController cannot find the requested view "//header/head".' in /var/www/html/framework/web/CController.php:878
Stack trace:
#0 /var/www/html/procurementhack/protected/views/layouts/main.php(28): CController->renderPartial('//header/head')
#1 /var/www/html/framework/web/CBaseController.php(126): require('/var/www/html/p...')
#2 /var/www/html/framework/web/CBaseController.php(95): CBaseController->renderInternal('/var/www/html/p...', Array, true)
#3 /var/www/html/framework/web/widgets/CContentDecorator.php(76): CBaseController->renderFile('/var/www/html/p...', Array, true)
#4 /var/www/html/framework/web/widgets/CContentDecorator.php(54): CContentDecorator->decorate('<div id="conten...')
#5 /var/www/html/framework/web/widgets/COutputProcessor.php(44): CContentDecorator->processOutput('<div id="conten...')
#6 /var/www/html/framework/web/CBaseController.php(206): COutputProcessor->run()
#7 /var/www/html/framework/web/CBaseController.php(300): CBaseController->endWidget('CContentDecorat...')
#8 /var/www/html/procurementhack/protected/views/layouts/column1.php(6): CBaseController->endContent()
#9 /var/www/html/framework/web/CBaseController.php(126): require('/var/www/html/p...')
#10 /var/www/html/framework/web/CBaseController.php(95): CBaseController->renderInternal('/var/www/html/p...', Array, true)
#11 /var/www/html/framework/web/CController.php(784): CBaseController->renderFile('/var/www/html/p...', Array, true)
#12 /var/www/html/procurementhack/protected/controllers/SiteController.php(98): CController->render('login', Array)
#13 /var/www/html/framework/web/actions/CInlineAction.php(49): SiteController->actionLogin()
#14 /var/www/html/framework/web/CController.php(308): CInlineAction->runWithParams(Array)
#15 /var/www/html/framework/web/CController.php(286): CController->runAction(Object(CInlineAction))
#16 /var/www/html/framework/web/CController.php(265): CController->runActionWithFilters(Object(CInlineAction), Array)
#17 /var/www/html/framework/web/CWebApplication.php(282): CController->run('login')
#18 /var/www/html/framework/web/CWebApplication.php(141): CWebApplication->runController('site/login')
#19 /var/www/html/framework/base/CApplication.php(180): CWebApplication->processRequest()
#20 /var/www/html/procurementhack/index.php(13): CApplication->run()
#21 {main}
REQUEST_URI=/procurementhack/index.php/site/login
---
2014/11/21 23:07:01 [error] [exception.CException] exception 'CException' with message 'SiteController cannot find the requested view "//header/head".' in /var/www/html/framework/web/CController.php:878
Stack trace:
#0 /var/www/html/procurementhack/protected/views/layouts/main.php(28): CController->renderPartial('//header/head')
#1 /var/www/html/framework/web/CBaseController.php(126): require('/var/www/html/p...')
#2 /var/www/html/framework/web/CBaseController.php(95): CBaseController->renderInternal('/var/www/html/p...', Array, true)
#3 /var/www/html/framework/web/widgets/CContentDecorator.php(76): CBaseController->renderFile('/var/www/html/p...', Array, true)
#4 /var/www/html/framework/web/widgets/CContentDecorator.php(54): CContentDecorator->decorate('<div id="conten...')
#5 /var/www/html/framework/web/widgets/COutputProcessor.php(44): CContentDecorator->processOutput('<div id="conten...')
#6 /var/www/html/framework/web/CBaseController.php(206): COutputProcessor->run()
#7 /var/www/html/framework/web/CBaseController.php(300): CBaseController->endWidget('CContentDecorat...')
#8 /var/www/html/procurementhack/protected/views/layouts/column1.php(6): CBaseController->endContent()
#9 /var/www/html/framework/web/CBaseController.php(126): require('/var/www/html/p...')
#10 /var/www/html/framework/web/CBaseController.php(95): CBaseController->renderInternal('/var/www/html/p...', Array, true)
#11 /var/www/html/framework/web/CController.php(784): CBaseController->renderFile('/var/www/html/p...', Array, true)
#12 /var/www/html/procurementhack/protected/controllers/SiteController.php(98): CController->render('login', Array)
#13 /var/www/html/framework/web/actions/CInlineAction.php(49): SiteController->actionLogin()
#14 /var/www/html/framework/web/CController.php(308): CInlineAction->runWithParams(Array)
#15 /var/www/html/framework/web/CController.php(286): CController->runAction(Object(CInlineAction))
#16 /var/www/html/framework/web/CController.php(265): CController->runActionWithFilters(Object(CInlineAction), Array)
#17 /var/www/html/framework/web/CWebApplication.php(282): CController->run('login')
#18 /var/www/html/framework/web/CWebApplication.php(141): CWebApplication->runController('site/login')
#19 /var/www/html/framework/base/CApplication.php(180): CWebApplication->processRequest()
#20 /var/www/html/procurementhack/index.php(13): CApplication->run()
#21 {main}
REQUEST_URI=/procurementhack/index.php/site/login
---
2014/11/21 23:08:02 [error] [exception.CException] exception 'CException' with message 'SiteController cannot find the requested view "//header/head".' in /var/www/html/framework/web/CController.php:878
Stack trace:
#0 /var/www/html/procurementhack/protected/views/layouts/main.php(28): CController->renderPartial('//header/head')
#1 /var/www/html/framework/web/CBaseController.php(126): require('/var/www/html/p...')
#2 /var/www/html/framework/web/CBaseController.php(95): CBaseController->renderInternal('/var/www/html/p...', Array, true)
#3 /var/www/html/framework/web/widgets/CContentDecorator.php(76): CBaseController->renderFile('/var/www/html/p...', Array, true)
#4 /var/www/html/framework/web/widgets/CContentDecorator.php(54): CContentDecorator->decorate('<div id="conten...')
#5 /var/www/html/framework/web/widgets/COutputProcessor.php(44): CContentDecorator->processOutput('<div id="conten...')
#6 /var/www/html/framework/web/CBaseController.php(206): COutputProcessor->run()
#7 /var/www/html/framework/web/CBaseController.php(300): CBaseController->endWidget('CContentDecorat...')
#8 /var/www/html/procurementhack/protected/views/layouts/column1.php(6): CBaseController->endContent()
#9 /var/www/html/framework/web/CBaseController.php(126): require('/var/www/html/p...')
#10 /var/www/html/framework/web/CBaseController.php(95): CBaseController->renderInternal('/var/www/html/p...', Array, true)
#11 /var/www/html/framework/web/CController.php(784): CBaseController->renderFile('/var/www/html/p...', Array, true)
#12 /var/www/html/procurementhack/protected/controllers/SiteController.php(98): CController->render('login', Array)
#13 /var/www/html/framework/web/actions/CInlineAction.php(49): SiteController->actionLogin()
#14 /var/www/html/framework/web/CController.php(308): CInlineAction->runWithParams(Array)
#15 /var/www/html/framework/web/CController.php(286): CController->runAction(Object(CInlineAction))
#16 /var/www/html/framework/web/CController.php(265): CController->runActionWithFilters(Object(CInlineAction), Array)
#17 /var/www/html/framework/web/CWebApplication.php(282): CController->run('login')
#18 /var/www/html/framework/web/CWebApplication.php(141): CWebApplication->runController('site/login')
#19 /var/www/html/framework/base/CApplication.php(180): CWebApplication->processRequest()
#20 /var/www/html/procurementhack/index.php(13): CApplication->run()
#21 {main}
REQUEST_URI=/procurementhack/index.php/site/login
---
2014/11/21 23:08:03 [error] [exception.CException] exception 'CException' with message 'SiteController cannot find the requested view "//header/head".' in /var/www/html/framework/web/CController.php:878
Stack trace:
#0 /var/www/html/procurementhack/protected/views/layouts/main.php(28): CController->renderPartial('//header/head')
#1 /var/www/html/framework/web/CBaseController.php(126): require('/var/www/html/p...')
#2 /var/www/html/framework/web/CBaseController.php(95): CBaseController->renderInternal('/var/www/html/p...', Array, true)
#3 /var/www/html/framework/web/widgets/CContentDecorator.php(76): CBaseController->renderFile('/var/www/html/p...', Array, true)
#4 /var/www/html/framework/web/widgets/CContentDecorator.php(54): CContentDecorator->decorate('<div id="conten...')
#5 /var/www/html/framework/web/widgets/COutputProcessor.php(44): CContentDecorator->processOutput('<div id="conten...')
#6 /var/www/html/framework/web/CBaseController.php(206): COutputProcessor->run()
#7 /var/www/html/framework/web/CBaseController.php(300): CBaseController->endWidget('CContentDecorat...')
#8 /var/www/html/procurementhack/protected/views/layouts/column1.php(6): CBaseController->endContent()
#9 /var/www/html/framework/web/CBaseController.php(126): require('/var/www/html/p...')
#10 /var/www/html/framework/web/CBaseController.php(95): CBaseController->renderInternal('/var/www/html/p...', Array, true)
#11 /var/www/html/framework/web/CController.php(784): CBaseController->renderFile('/var/www/html/p...', Array, true)
#12 /var/www/html/procurementhack/protected/controllers/SiteController.php(98): CController->render('login', Array)
#13 /var/www/html/framework/web/actions/CInlineAction.php(49): SiteController->actionLogin()
#14 /var/www/html/framework/web/CController.php(308): CInlineAction->runWithParams(Array)
#15 /var/www/html/framework/web/CController.php(286): CController->runAction(Object(CInlineAction))
#16 /var/www/html/framework/web/CController.php(265): CController->runActionWithFilters(Object(CInlineAction), Array)
#17 /var/www/html/framework/web/CWebApplication.php(282): CController->run('login')
#18 /var/www/html/framework/web/CWebApplication.php(141): CWebApplication->runController('site/login')
#19 /var/www/html/framework/base/CApplication.php(180): CWebApplication->processRequest()
#20 /var/www/html/procurementhack/index.php(13): CApplication->run()
#21 {main}
REQUEST_URI=/procurementhack/index.php/site/login
---
2014/11/21 23:08:03 [error] [exception.CException] exception 'CException' with message 'SiteController cannot find the requested view "//header/head".' in /var/www/html/framework/web/CController.php:878
Stack trace:
#0 /var/www/html/procurementhack/protected/views/layouts/main.php(28): CController->renderPartial('//header/head')
#1 /var/www/html/framework/web/CBaseController.php(126): require('/var/www/html/p...')
#2 /var/www/html/framework/web/CBaseController.php(95): CBaseController->renderInternal('/var/www/html/p...', Array, true)
#3 /var/www/html/framework/web/widgets/CContentDecorator.php(76): CBaseController->renderFile('/var/www/html/p...', Array, true)
#4 /var/www/html/framework/web/widgets/CContentDecorator.php(54): CContentDecorator->decorate('<div id="conten...')
#5 /var/www/html/framework/web/widgets/COutputProcessor.php(44): CContentDecorator->processOutput('<div id="conten...')
#6 /var/www/html/framework/web/CBaseController.php(206): COutputProcessor->run()
#7 /var/www/html/framework/web/CBaseController.php(300): CBaseController->endWidget('CContentDecorat...')
#8 /var/www/html/procurementhack/protected/views/layouts/column1.php(6): CBaseController->endContent()
#9 /var/www/html/framework/web/CBaseController.php(126): require('/var/www/html/p...')
#10 /var/www/html/framework/web/CBaseController.php(95): CBaseController->renderInternal('/var/www/html/p...', Array, true)
#11 /var/www/html/framework/web/CController.php(784): CBaseController->renderFile('/var/www/html/p...', Array, true)
#12 /var/www/html/procurementhack/protected/controllers/SiteController.php(98): CController->render('login', Array)
#13 /var/www/html/framework/web/actions/CInlineAction.php(49): SiteController->actionLogin()
#14 /var/www/html/framework/web/CController.php(308): CInlineAction->runWithParams(Array)
#15 /var/www/html/framework/web/CController.php(286): CController->runAction(Object(CInlineAction))
#16 /var/www/html/framework/web/CController.php(265): CController->runActionWithFilters(Object(CInlineAction), Array)
#17 /var/www/html/framework/web/CWebApplication.php(282): CController->run('login')
#18 /var/www/html/framework/web/CWebApplication.php(141): CWebApplication->runController('site/login')
#19 /var/www/html/framework/base/CApplication.php(180): CWebApplication->processRequest()
#20 /var/www/html/procurementhack/index.php(13): CApplication->run()
#21 {main}
REQUEST_URI=/procurementhack/index.php/site/login
---
2014/11/21 23:08:03 [error] [exception.CException] exception 'CException' with message 'SiteController cannot find the requested view "//header/head".' in /var/www/html/framework/web/CController.php:878
Stack trace:
#0 /var/www/html/procurementhack/protected/views/layouts/main.php(28): CController->renderPartial('//header/head')
#1 /var/www/html/framework/web/CBaseController.php(126): require('/var/www/html/p...')
#2 /var/www/html/framework/web/CBaseController.php(95): CBaseController->renderInternal('/var/www/html/p...', Array, true)
#3 /var/www/html/framework/web/widgets/CContentDecorator.php(76): CBaseController->renderFile('/var/www/html/p...', Array, true)
#4 /var/www/html/framework/web/widgets/CContentDecorator.php(54): CContentDecorator->decorate('<div id="conten...')
#5 /var/www/html/framework/web/widgets/COutputProcessor.php(44): CContentDecorator->processOutput('<div id="conten...')
#6 /var/www/html/framework/web/CBaseController.php(206): COutputProcessor->run()
#7 /var/www/html/framework/web/CBaseController.php(300): CBaseController->endWidget('CContentDecorat...')
#8 /var/www/html/procurementhack/protected/views/layouts/column1.php(6): CBaseController->endContent()
#9 /var/www/html/framework/web/CBaseController.php(126): require('/var/www/html/p...')
#10 /var/www/html/framework/web/CBaseController.php(95): CBaseController->renderInternal('/var/www/html/p...', Array, true)
#11 /var/www/html/framework/web/CController.php(784): CBaseController->renderFile('/var/www/html/p...', Array, true)
#12 /var/www/html/procurementhack/protected/controllers/SiteController.php(98): CController->render('login', Array)
#13 /var/www/html/framework/web/actions/CInlineAction.php(49): SiteController->actionLogin()
#14 /var/www/html/framework/web/CController.php(308): CInlineAction->runWithParams(Array)
#15 /var/www/html/framework/web/CController.php(286): CController->runAction(Object(CInlineAction))
#16 /var/www/html/framework/web/CController.php(265): CController->runActionWithFilters(Object(CInlineAction), Array)
#17 /var/www/html/framework/web/CWebApplication.php(282): CController->run('login')
#18 /var/www/html/framework/web/CWebApplication.php(141): CWebApplication->runController('site/login')
#19 /var/www/html/framework/base/CApplication.php(180): CWebApplication->processRequest()
#20 /var/www/html/procurementhack/index.php(13): CApplication->run()
#21 {main}
REQUEST_URI=/procurementhack/index.php/site/login
---
2014/11/21 23:08:03 [error] [exception.CException] exception 'CException' with message 'SiteController cannot find the requested view "//header/head".' in /var/www/html/framework/web/CController.php:878
Stack trace:
#0 /var/www/html/procurementhack/protected/views/layouts/main.php(28): CController->renderPartial('//header/head')
#1 /var/www/html/framework/web/CBaseController.php(126): require('/var/www/html/p...')
#2 /var/www/html/framework/web/CBaseController.php(95): CBaseController->renderInternal('/var/www/html/p...', Array, true)
#3 /var/www/html/framework/web/widgets/CContentDecorator.php(76): CBaseController->renderFile('/var/www/html/p...', Array, true)
#4 /var/www/html/framework/web/widgets/CContentDecorator.php(54): CContentDecorator->decorate('<div id="conten...')
#5 /var/www/html/framework/web/widgets/COutputProcessor.php(44): CContentDecorator->processOutput('<div id="conten...')
#6 /var/www/html/framework/web/CBaseController.php(206): COutputProcessor->run()
#7 /var/www/html/framework/web/CBaseController.php(300): CBaseController->endWidget('CContentDecorat...')
#8 /var/www/html/procurementhack/protected/views/layouts/column1.php(6): CBaseController->endContent()
#9 /var/www/html/framework/web/CBaseController.php(126): require('/var/www/html/p...')
#10 /var/www/html/framework/web/CBaseController.php(95): CBaseController->renderInternal('/var/www/html/p...', Array, true)
#11 /var/www/html/framework/web/CController.php(784): CBaseController->renderFile('/var/www/html/p...', Array, true)
#12 /var/www/html/procurementhack/protected/controllers/SiteController.php(98): CController->render('login', Array)
#13 /var/www/html/framework/web/actions/CInlineAction.php(49): SiteController->actionLogin()
#14 /var/www/html/framework/web/CController.php(308): CInlineAction->runWithParams(Array)
#15 /var/www/html/framework/web/CController.php(286): CController->runAction(Object(CInlineAction))
#16 /var/www/html/framework/web/CController.php(265): CController->runActionWithFilters(Object(CInlineAction), Array)
#17 /var/www/html/framework/web/CWebApplication.php(282): CController->run('login')
#18 /var/www/html/framework/web/CWebApplication.php(141): CWebApplication->runController('site/login')
#19 /var/www/html/framework/base/CApplication.php(180): CWebApplication->processRequest()
#20 /var/www/html/procurementhack/index.php(13): CApplication->run()
#21 {main}
REQUEST_URI=/procurementhack/index.php/site/login
---
2014/11/21 23:08:03 [error] [exception.CException] exception 'CException' with message 'SiteController cannot find the requested view "//header/head".' in /var/www/html/framework/web/CController.php:878
Stack trace:
#0 /var/www/html/procurementhack/protected/views/layouts/main.php(28): CController->renderPartial('//header/head')
#1 /var/www/html/framework/web/CBaseController.php(126): require('/var/www/html/p...')
#2 /var/www/html/framework/web/CBaseController.php(95): CBaseController->renderInternal('/var/www/html/p...', Array, true)
#3 /var/www/html/framework/web/widgets/CContentDecorator.php(76): CBaseController->renderFile('/var/www/html/p...', Array, true)
#4 /var/www/html/framework/web/widgets/CContentDecorator.php(54): CContentDecorator->decorate('<div id="conten...')
#5 /var/www/html/framework/web/widgets/COutputProcessor.php(44): CContentDecorator->processOutput('<div id="conten...')
#6 /var/www/html/framework/web/CBaseController.php(206): COutputProcessor->run()
#7 /var/www/html/framework/web/CBaseController.php(300): CBaseController->endWidget('CContentDecorat...')
#8 /var/www/html/procurementhack/protected/views/layouts/column1.php(6): CBaseController->endContent()
#9 /var/www/html/framework/web/CBaseController.php(126): require('/var/www/html/p...')
#10 /var/www/html/framework/web/CBaseController.php(95): CBaseController->renderInternal('/var/www/html/p...', Array, true)
#11 /var/www/html/framework/web/CController.php(784): CBaseController->renderFile('/var/www/html/p...', Array, true)
#12 /var/www/html/procurementhack/protected/controllers/SiteController.php(98): CController->render('login', Array)
#13 /var/www/html/framework/web/actions/CInlineAction.php(49): SiteController->actionLogin()
#14 /var/www/html/framework/web/CController.php(308): CInlineAction->runWithParams(Array)
#15 /var/www/html/framework/web/CController.php(286): CController->runAction(Object(CInlineAction))
#16 /var/www/html/framework/web/CController.php(265): CController->runActionWithFilters(Object(CInlineAction), Array)
#17 /var/www/html/framework/web/CWebApplication.php(282): CController->run('login')
#18 /var/www/html/framework/web/CWebApplication.php(141): CWebApplication->runController('site/login')
#19 /var/www/html/framework/base/CApplication.php(180): CWebApplication->processRequest()
#20 /var/www/html/procurementhack/index.php(13): CApplication->run()
#21 {main}
REQUEST_URI=/procurementhack/index.php/site/login
---
2014/11/21 23:08:03 [error] [exception.CException] exception 'CException' with message 'SiteController cannot find the requested view "//header/head".' in /var/www/html/framework/web/CController.php:878
Stack trace:
#0 /var/www/html/procurementhack/protected/views/layouts/main.php(28): CController->renderPartial('//header/head')
#1 /var/www/html/framework/web/CBaseController.php(126): require('/var/www/html/p...')
#2 /var/www/html/framework/web/CBaseController.php(95): CBaseController->renderInternal('/var/www/html/p...', Array, true)
#3 /var/www/html/framework/web/widgets/CContentDecorator.php(76): CBaseController->renderFile('/var/www/html/p...', Array, true)
#4 /var/www/html/framework/web/widgets/CContentDecorator.php(54): CContentDecorator->decorate('<div id="conten...')
#5 /var/www/html/framework/web/widgets/COutputProcessor.php(44): CContentDecorator->processOutput('<div id="conten...')
#6 /var/www/html/framework/web/CBaseController.php(206): COutputProcessor->run()
#7 /var/www/html/framework/web/CBaseController.php(300): CBaseController->endWidget('CContentDecorat...')
#8 /var/www/html/procurementhack/protected/views/layouts/column1.php(6): CBaseController->endContent()
#9 /var/www/html/framework/web/CBaseController.php(126): require('/var/www/html/p...')
#10 /var/www/html/framework/web/CBaseController.php(95): CBaseController->renderInternal('/var/www/html/p...', Array, true)
#11 /var/www/html/framework/web/CController.php(784): CBaseController->renderFile('/var/www/html/p...', Array, true)
#12 /var/www/html/procurementhack/protected/controllers/SiteController.php(98): CController->render('login', Array)
#13 /var/www/html/framework/web/actions/CInlineAction.php(49): SiteController->actionLogin()
#14 /var/www/html/framework/web/CController.php(308): CInlineAction->runWithParams(Array)
#15 /var/www/html/framework/web/CController.php(286): CController->runAction(Object(CInlineAction))
#16 /var/www/html/framework/web/CController.php(265): CController->runActionWithFilters(Object(CInlineAction), Array)
#17 /var/www/html/framework/web/CWebApplication.php(282): CController->run('login')
#18 /var/www/html/framework/web/CWebApplication.php(141): CWebApplication->runController('site/login')
#19 /var/www/html/framework/base/CApplication.php(180): CWebApplication->processRequest()
#20 /var/www/html/procurementhack/index.php(13): CApplication->run()
#21 {main}
REQUEST_URI=/procurementhack/index.php/site/login
---
2014/11/21 23:08:04 [error] [exception.CException] exception 'CException' with message 'SiteController cannot find the requested view "//header/head".' in /var/www/html/framework/web/CController.php:878
Stack trace:
#0 /var/www/html/procurementhack/protected/views/layouts/main.php(28): CController->renderPartial('//header/head')
#1 /var/www/html/framework/web/CBaseController.php(126): require('/var/www/html/p...')
#2 /var/www/html/framework/web/CBaseController.php(95): CBaseController->renderInternal('/var/www/html/p...', Array, true)
#3 /var/www/html/framework/web/widgets/CContentDecorator.php(76): CBaseController->renderFile('/var/www/html/p...', Array, true)
#4 /var/www/html/framework/web/widgets/CContentDecorator.php(54): CContentDecorator->decorate('<div id="conten...')
#5 /var/www/html/framework/web/widgets/COutputProcessor.php(44): CContentDecorator->processOutput('<div id="conten...')
#6 /var/www/html/framework/web/CBaseController.php(206): COutputProcessor->run()
#7 /var/www/html/framework/web/CBaseController.php(300): CBaseController->endWidget('CContentDecorat...')
#8 /var/www/html/procurementhack/protected/views/layouts/column1.php(6): CBaseController->endContent()
#9 /var/www/html/framework/web/CBaseController.php(126): require('/var/www/html/p...')
#10 /var/www/html/framework/web/CBaseController.php(95): CBaseController->renderInternal('/var/www/html/p...', Array, true)
#11 /var/www/html/framework/web/CController.php(784): CBaseController->renderFile('/var/www/html/p...', Array, true)
#12 /var/www/html/procurementhack/protected/controllers/SiteController.php(98): CController->render('login', Array)
#13 /var/www/html/framework/web/actions/CInlineAction.php(49): SiteController->actionLogin()
#14 /var/www/html/framework/web/CController.php(308): CInlineAction->runWithParams(Array)
#15 /var/www/html/framework/web/CController.php(286): CController->runAction(Object(CInlineAction))
#16 /var/www/html/framework/web/CController.php(265): CController->runActionWithFilters(Object(CInlineAction), Array)
#17 /var/www/html/framework/web/CWebApplication.php(282): CController->run('login')
#18 /var/www/html/framework/web/CWebApplication.php(141): CWebApplication->runController('site/login')
#19 /var/www/html/framework/base/CApplication.php(180): CWebApplication->processRequest()
#20 /var/www/html/procurementhack/index.php(13): CApplication->run()
#21 {main}
REQUEST_URI=/procurementhack/index.php/site/login
---
